0 info it worked if it ends with ok
1 verbose cli [ '/usr/bin/node',
1 verbose cli   '/usr/bin/npm',
1 verbose cli   'i',
1 verbose cli   'websemantics/file-icons-js' ]
2 info using npm@3.5.2
3 info using node@v8.10.0
4 silly loadCurrentTree Starting
5 silly install loadCurrentTree
6 silly install readLocalPackageData
7 silly fetchPackageMetaData websemantics/file-icons-js
8 silly fetchOtherPackageData websemantics/file-icons-js
9 silly cache add args [ 'websemantics/file-icons-js', null ]
10 verbose cache add spec websemantics/file-icons-js
11 silly cache add parsed spec Result {
11 silly cache add   raw: 'websemantics/file-icons-js',
11 silly cache add   scope: null,
11 silly cache add   name: null,
11 silly cache add   rawSpec: 'websemantics/file-icons-js',
11 silly cache add   spec: 'github:websemantics/file-icons-js',
11 silly cache add   type: 'hosted',
11 silly cache add   hosted:
11 silly cache add    { type: 'github',
11 silly cache add      ssh: 'git@github.com:websemantics/file-icons-js.git',
11 silly cache add      sshUrl: 'git+ssh://git@github.com/websemantics/file-icons-js.git',
11 silly cache add      httpsUrl: 'git+https://github.com/websemantics/file-icons-js.git',
11 silly cache add      gitUrl: 'git://github.com/websemantics/file-icons-js.git',
11 silly cache add      shortcut: 'github:websemantics/file-icons-js',
11 silly cache add      directUrl: 'https://raw.githubusercontent.com/websemantics/file-icons-js/master/package.json' } }
12 verbose addRemoteGit caching websemantics/file-icons-js
13 verbose addRemoteGit websemantics/file-icons-js is a repository hosted by github
14 silly tryGitProto attempting to clone git://github.com/websemantics/file-icons-js.git
15 silly tryClone cloning websemantics/file-icons-js via git://github.com/websemantics/file-icons-js.git
16 verbose tryClone git-github-com-websemantics-file-icons-js-git-e897fc45 not in flight; caching
17 info git [ 'config', '--get', 'remote.origin.url' ]
18 silly validateExistingRemote websemantics/file-icons-js remote.origin.url: git://github.com/websemantics/file-icons-js.git
19 verbose validateExistingRemote websemantics/file-icons-js is updating existing cached remote /home/oussama/.npm/_git-remotes/git-github-com-websemantics-file-icons-js-git-e897fc45
20 info git [ 'fetch', '-a', 'origin' ]
21 verbose updateRemote git fetch -a origin (git://github.com/websemantics/file-icons-js.git)
22 verbose setPermissions websemantics/file-icons-js set permissions on /home/oussama/.npm/_git-remotes/git-github-com-websemantics-file-icons-js-git-e897fc45
23 verbose resolveHead websemantics/file-icons-js original treeish: master
24 info git [ 'rev-list', '-n1', 'master' ]
25 silly resolveHead websemantics/file-icons-js resolved treeish: d2e63ffb95e410e2d8f545956df8d0d691a1488d
26 verbose resolveHead websemantics/file-icons-js resolved Git URL: git://github.com/websemantics/file-icons-js.git#d2e63ffb95e410e2d8f545956df8d0d691a1488d
27 silly resolveHead Git working directory: /tmp/npm-9207-2dbae27b/git-cache-3cde91bf/d2e63ffb95e410e2d8f545956df8d0d691a1488d
28 info git [ 'clone',
28 info git   '/home/oussama/.npm/_git-remotes/git-github-com-websemantics-file-icons-js-git-e897fc45',
28 info git   '/tmp/npm-9207-2dbae27b/git-cache-3cde91bf/d2e63ffb95e410e2d8f545956df8d0d691a1488d' ]
29 verbose cloneResolved websemantics/file-icons-js clone Cloning into '/tmp/npm-9207-2dbae27b/git-cache-3cde91bf/d2e63ffb95e410e2d8f545956df8d0d691a1488d'...
29 verbose cloneResolved done.
30 info git [ 'checkout', 'd2e63ffb95e410e2d8f545956df8d0d691a1488d' ]
31 verbose checkoutTreeish websemantics/file-icons-js checkout Note: checking out 'd2e63ffb95e410e2d8f545956df8d0d691a1488d'.
31 verbose checkoutTreeish
31 verbose checkoutTreeish You are in 'detached HEAD' state. You can look around, make experimental
31 verbose checkoutTreeish changes and commit them, and you can discard any commits you make in this
31 verbose checkoutTreeish state without impacting any branches by performing another checkout.
31 verbose checkoutTreeish
31 verbose checkoutTreeish If you want to create a new branch to retain commits you create, you may
31 verbose checkoutTreeish do so (now or later) by using -b with the checkout command again. Example:
31 verbose checkoutTreeish
31 verbose checkoutTreeish   git checkout -b <new-branch-name>
31 verbose checkoutTreeish
31 verbose checkoutTreeish HEAD is now at d2e63ff Merge pull request #11 from k2on/patch-1
32 verbose addLocalDirectory /home/oussama/.npm/file-icons-js/1.1.0/package.tgz not in flight; packing
33 verbose tar pack [ '/home/oussama/.npm/file-icons-js/1.1.0/package.tgz',
33 verbose tar pack   '/tmp/npm-9207-2dbae27b/git-cache-3cde91bf/d2e63ffb95e410e2d8f545956df8d0d691a1488d' ]
34 verbose tarball /home/oussama/.npm/file-icons-js/1.1.0/package.tgz
35 verbose folder /tmp/npm-9207-2dbae27b/git-cache-3cde91bf/d2e63ffb95e410e2d8f545956df8d0d691a1488d
36 verbose addLocalTarball adding from inside cache /home/oussama/.npm/file-icons-js/1.1.0/package.tgz
37 verbose addRemoteGit data._from: websemantics/file-icons-js
38 verbose addRemoteGit data._resolved: git://github.com/websemantics/file-icons-js.git#d2e63ffb95e410e2d8f545956df8d0d691a1488d
39 silly cache afterAdd file-icons-js@1.1.0
40 verbose afterAdd /home/oussama/.npm/file-icons-js/1.1.0/package/package.json not in flight; writing
41 verbose afterAdd /home/oussama/.npm/file-icons-js/1.1.0/package/package.json written
42 silly install normalizeTree
43 silly loadCurrentTree Finishing
44 silly loadIdealTree Starting
45 silly install loadIdealTree
46 silly cloneCurrentTree Starting
47 silly install cloneCurrentTreeToIdealTree
48 silly cloneCurrentTree Finishing
49 silly loadShrinkwrap Starting
50 silly install loadShrinkwrap
51 silly loadShrinkwrap Finishing
52 silly loadAllDepsIntoIdealTree Starting
53 silly install loadAllDepsIntoIdealTree
54 verbose stack Error: Missing required argument #1
54 verbose stack     at andLogAndFinish (/usr/share/npm/lib/fetch-package-metadata.js:31:3)
54 verbose stack     at fetchPackageMetadata (/usr/share/npm/lib/fetch-package-metadata.js:51:22)
54 verbose stack     at resolveWithNewModule (/usr/share/npm/lib/install/deps.js:456:12)
54 verbose stack     at /usr/share/npm/lib/install/deps.js:190:5
54 verbose stack     at /usr/share/npm/node_modules/slide/lib/async-map.js:52:35
54 verbose stack     at Array.forEach (<anonymous>)
54 verbose stack     at /usr/share/npm/node_modules/slide/lib/async-map.js:52:11
54 verbose stack     at Array.forEach (<anonymous>)
54 verbose stack     at asyncMap (/usr/share/npm/node_modules/slide/lib/async-map.js:51:8)
54 verbose stack     at exports.loadRequestedDeps (/usr/share/npm/lib/install/deps.js:188:3)
55 verbose cwd /home/oussama/Documents/work/talan-work/code/skeleton/skeleton/public/assets
56 error Linux 5.4.0-66-generic
57 error argv "/usr/bin/node" "/usr/bin/npm" "i" "websemantics/file-icons-js"
58 error node v8.10.0
59 error npm  v3.5.2
60 error code EMISSINGARG
61 error typeerror Error: Missing required argument #1
61 error typeerror     at andLogAndFinish (/usr/share/npm/lib/fetch-package-metadata.js:31:3)
61 error typeerror     at fetchPackageMetadata (/usr/share/npm/lib/fetch-package-metadata.js:51:22)
61 error typeerror     at resolveWithNewModule (/usr/share/npm/lib/install/deps.js:456:12)
61 error typeerror     at /usr/share/npm/lib/install/deps.js:190:5
61 error typeerror     at /usr/share/npm/node_modules/slide/lib/async-map.js:52:35
61 error typeerror     at Array.forEach (<anonymous>)
61 error typeerror     at /usr/share/npm/node_modules/slide/lib/async-map.js:52:11
61 error typeerror     at Array.forEach (<anonymous>)
61 error typeerror     at asyncMap (/usr/share/npm/node_modules/slide/lib/async-map.js:51:8)
61 error typeerror     at exports.loadRequestedDeps (/usr/share/npm/lib/install/deps.js:188:3)
62 error typeerror This is an error with npm itself. Please report this error at:
62 error typeerror     <http://github.com/npm/npm/issues>
63 verbose exit [ 1, true ]
